<?xml version="1.0" encoding="UTF-8"?>
<coverage generated="1588777324005" clover="3.2.0">
  <project timestamp="1588777324006" name="All files">
    <metrics statements="21" coveredstatements="21" conditionals="6" coveredconditionals="6" methods="5" coveredmethods="5" elements="32" coveredelements="32" complexity="0" loc="21" ncloc="21" packages="1" files="1" classes="1"/>
    <file name="getDiff.js" path="/home/george/Documents/_Projects/5_Hexlet/frontend-project-lvl2/src/lib/getDiff.js">
      <metrics statements="21" coveredstatements="21" conditionals="6" coveredconditionals="6" methods="5" coveredmethods="5"/>
      <line num="5" count="5" type="stmt"/>
      <line num="6" count="7" type="stmt"/>
      <line num="7" count="1" type="stmt"/>
      <line num="8" count="1" type="stmt"/>
      <line num="9" count="2" type="stmt"/>
      <line num="10" count="2" type="stmt"/>
      <line num="14" count="1" type="stmt"/>
      <line num="15" count="1" type="stmt"/>
      <line num="16" count="1" type="stmt"/>
      <line num="17" count="1" type="stmt"/>
      <line num="18" count="1" type="stmt"/>
      <line num="19" count="1" type="stmt"/>
      <line num="20" count="5" type="cond" truecount="2" falsecount="0"/>
      <line num="21" count="1" type="stmt"/>
      <line num="22" count="4" type="cond" truecount="2" falsecount="0"/>
      <line num="23" count="1" type="stmt"/>
      <line num="24" count="3" type="cond" truecount="2" falsecount="0"/>
      <line num="25" count="2" type="stmt"/>
      <line num="27" count="1" type="stmt"/>
      <line num="29" count="1" type="stmt"/>
      <line num="30" count="1" type="stmt"/>
    </file>
  </project>
</coverage>
