{"/home/george/Documents/_Projects/5_Hexlet/frontend-project-lvl2/src/lib/getDiff.js": {"path":"/home/george/Documents/_Projects/5_Hexlet/frontend-project-lvl2/src/lib/getDiff.js","statementMap":{"0":{"start":{"line":5,"column":16},"end":{"line":5,"column":67}},"1":{"start":{"line":5,"column":43},"end":{"line":5,"column":67}},"2":{"start":{"line":6,"column":19},"end":{"line":6,"column":51}},"3":{"start":{"line":6,"column":34},"end":{"line":6,"column":51}},"4":{"start":{"line":7,"column":14},"end":{"line":7,"column":17}},"5":{"start":{"line":8,"column":15},"end":{"line":11,"column":1}},"6":{"start":{"line":9,"column":17},"end":{"line":9,"column":43}},"7":{"start":{"line":10,"column":2},"end":{"line":10,"column":16}},"8":{"start":{"line":14,"column":20},"end":{"line":14,"column":55}},"9":{"start":{"line":15,"column":21},"end":{"line":15,"column":56}},"10":{"start":{"line":16,"column":21},"end":{"line":16,"column":42}},"11":{"start":{"line":17,"column":22},"end":{"line":17,"column":44}},"12":{"start":{"line":18,"column":20},"end":{"line":18,"column":78}},"13":{"start":{"line":19,"column":17},"end":{"line":28,"column":5}},"14":{"start":{"line":20,"column":4},"end":{"line":22,"column":5}},"15":{"start":{"line":21,"column":6},"end":{"line":21,"column":60}},"16":{"start":{"line":22,"column":6},"end":{"line":24,"column":5}},"17":{"start":{"line":23,"column":6},"end":{"line":23,"column":63}},"18":{"start":{"line":24,"column":6},"end":{"line":26,"column":5}},"19":{"start":{"line":25,"column":6},"end":{"line":25,"column":62}},"20":{"start":{"line":27,"column":4},"end":{"line":27,"column":113}},"21":{"start":{"line":29,"column":2},"end":{"line":29,"column":30}},"22":{"start":{"line":30,"column":2},"end":{"line":30,"column":24}}},"fnMap":{"0":{"name":"(anonymous_0)","decl":{"start":{"line":5,"column":16},"end":{"line":5,"column":17}},"loc":{"start":{"line":5,"column":43},"end":{"line":5,"column":67}},"line":5},"1":{"name":"(anonymous_1)","decl":{"start":{"line":6,"column":19},"end":{"line":6,"column":20}},"loc":{"start":{"line":6,"column":34},"end":{"line":6,"column":51}},"line":6},"2":{"name":"(anonymous_2)","decl":{"start":{"line":8,"column":15},"end":{"line":8,"column":16}},"loc":{"start":{"line":8,"column":25},"end":{"line":11,"column":1}},"line":8},"3":{"name":"(anonymous_3)","decl":{"start":{"line":13,"column":15},"end":{"line":13,"column":16}},"loc":{"start":{"line":13,"column":41},"end":{"line":31,"column":1}},"line":13},"4":{"name":"(anonymous_4)","decl":{"start":{"line":19,"column":45},"end":{"line":19,"column":46}},"loc":{"start":{"line":19,"column":54},"end":{"line":28,"column":3}},"line":19}},"branchMap":{"0":{"loc":{"start":{"line":20,"column":4},"end":{"line":22,"column":5}},"type":"if","locations":[{"start":{"line":20,"column":4},"end":{"line":22,"column":5}},{"start":{"line":20,"column":4},"end":{"line":22,"column":5}}],"line":20},"1":{"loc":{"start":{"line":22,"column":6},"end":{"line":24,"column":5}},"type":"if","locations":[{"start":{"line":22,"column":6},"end":{"line":24,"column":5}},{"start":{"line":22,"column":6},"end":{"line":24,"column":5}}],"line":22},"2":{"loc":{"start":{"line":24,"column":6},"end":{"line":26,"column":5}},"type":"if","locations":[{"start":{"line":24,"column":6},"end":{"line":26,"column":5}},{"start":{"line":24,"column":6},"end":{"line":26,"column":5}}],"line":24}},"s":{"0":1,"1":5,"2":1,"3":7,"4":1,"5":1,"6":2,"7":2,"8":1,"9":1,"10":1,"11":1,"12":1,"13":1,"14":5,"15":1,"16":4,"17":1,"18":3,"19":2,"20":1,"21":1,"22":1},"f":{"0":5,"1":7,"2":2,"3":1,"4":5},"b":{"0":[1,4],"1":[1,3],"2":[2,1]},"inputSourceMap":null,"_coverageSchema":"1a1c01bbd47fc00a2c39e90264f33305004495a9","hash":"c401b1d586eb856b3996c52690fc025da20959f6"}
}
